2025-01-18 15:04:13,486 - dotenv.main - WARNING - Python-dotenv could not parse statement starting at line 13
2025-01-18 15:04:13,486 - dotenv.main - WARNING - Python-dotenv could not parse statement starting at line 14
2025-01-18 15:04:13,486 - dotenv.main - WARNING - Python-dotenv could not parse statement starting at line 15
2025-01-18 15:04:13,486 - dotenv.main - WARNING - Python-dotenv could not parse statement starting at line 17
2025-01-18 15:04:13,505 - dotenv.main - WARNING - Python-dotenv could not parse statement starting at line 13
2025-01-18 15:04:13,505 - dotenv.main - WARNING - Python-dotenv could not parse statement starting at line 14
2025-01-18 15:04:13,505 - dotenv.main - WARNING - Python-dotenv could not parse statement starting at line 15
2025-01-18 15:04:13,505 - dotenv.main - WARNING - Python-dotenv could not parse statement starting at line 17
2025-01-18 15:12:47,143 - dotenv.main - WARNING - Python-dotenv could not parse statement starting at line 13
2025-01-18 15:12:47,144 - dotenv.main - WARNING - Python-dotenv could not parse statement starting at line 14
2025-01-18 15:12:47,144 - dotenv.main - WARNING - Python-dotenv could not parse statement starting at line 15
2025-01-18 15:12:47,145 - dotenv.main - WARNING - Python-dotenv could not parse statement starting at line 17
2025-01-18 15:12:47,156 - dotenv.main - WARNING - Python-dotenv could not parse statement starting at line 13
2025-01-18 15:12:47,156 - dotenv.main - WARNING - Python-dotenv could not parse statement starting at line 14
2025-01-18 15:12:47,156 - dotenv.main - WARNING - Python-dotenv could not parse statement starting at line 15
2025-01-18 15:12:47,156 - dotenv.main - WARNING - Python-dotenv could not parse statement starting at line 17
2025-01-18 15:13:48,858 - dotenv.main - WARNING - Python-dotenv could not parse statement starting at line 13
2025-01-18 15:13:48,859 - dotenv.main - WARNING - Python-dotenv could not parse statement starting at line 14
2025-01-18 15:13:48,859 - dotenv.main - WARNING - Python-dotenv could not parse statement starting at line 15
2025-01-18 15:13:48,859 - dotenv.main - WARNING - Python-dotenv could not parse statement starting at line 17
2025-01-18 15:13:48,880 - dotenv.main - WARNING - Python-dotenv could not parse statement starting at line 13
2025-01-18 15:13:48,880 - dotenv.main - WARNING - Python-dotenv could not parse statement starting at line 14
2025-01-18 15:13:48,880 - dotenv.main - WARNING - Python-dotenv could not parse statement starting at line 15
2025-01-18 15:13:48,881 - dotenv.main - WARNING - Python-dotenv could not parse statement starting at line 17
2025-01-18 15:16:42,209 - dotenv.main - WARNING - Python-dotenv could not parse statement starting at line 13
2025-01-18 15:16:42,209 - dotenv.main - WARNING - Python-dotenv could not parse statement starting at line 14
2025-01-18 15:16:42,209 - dotenv.main - WARNING - Python-dotenv could not parse statement starting at line 15
2025-01-18 15:16:42,209 - dotenv.main - WARNING - Python-dotenv could not parse statement starting at line 17
2025-01-18 15:16:42,231 - dotenv.main - WARNING - Python-dotenv could not parse statement starting at line 13
2025-01-18 15:16:42,231 - dotenv.main - WARNING - Python-dotenv could not parse statement starting at line 14
2025-01-18 15:16:42,231 - dotenv.main - WARNING - Python-dotenv could not parse statement starting at line 15
2025-01-18 15:16:42,231 - dotenv.main - WARNING - Python-dotenv could not parse statement starting at line 17
2025-01-18 15:18:04,910 - dotenv.main - WARNING - Python-dotenv could not parse statement starting at line 13
2025-01-18 15:18:04,910 - dotenv.main - WARNING - Python-dotenv could not parse statement starting at line 14
2025-01-18 15:18:04,910 - dotenv.main - WARNING - Python-dotenv could not parse statement starting at line 15
2025-01-18 15:18:04,910 - dotenv.main - WARNING - Python-dotenv could not parse statement starting at line 17
2025-01-18 15:18:04,943 - dotenv.main - WARNING - Python-dotenv could not parse statement starting at line 13
2025-01-18 15:18:04,943 - dotenv.main - WARNING - Python-dotenv could not parse statement starting at line 14
2025-01-18 15:18:04,943 - dotenv.main - WARNING - Python-dotenv could not parse statement starting at line 15
2025-01-18 15:18:04,943 - dotenv.main - WARNING - Python-dotenv could not parse statement starting at line 17
2025-01-18 15:22:33,952 - dotenv.main - WARNING - Python-dotenv could not parse statement starting at line 13
2025-01-18 15:22:33,952 - dotenv.main - WARNING - Python-dotenv could not parse statement starting at line 14
2025-01-18 15:22:33,952 - dotenv.main - WARNING - Python-dotenv could not parse statement starting at line 15
2025-01-18 15:22:33,952 - dotenv.main - WARNING - Python-dotenv could not parse statement starting at line 17
2025-01-18 15:22:33,979 - dotenv.main - WARNING - Python-dotenv could not parse statement starting at line 13
2025-01-18 15:22:33,979 - dotenv.main - WARNING - Python-dotenv could not parse statement starting at line 14
2025-01-18 15:22:33,979 - dotenv.main - WARNING - Python-dotenv could not parse statement starting at line 15
2025-01-18 15:22:33,979 - dotenv.main - WARNING - Python-dotenv could not parse statement starting at line 17
2025-01-18 15:34:20,502 - dotenv.main - WARNING - Python-dotenv could not parse statement starting at line 13
2025-01-18 15:34:20,502 - dotenv.main - WARNING - Python-dotenv could not parse statement starting at line 14
2025-01-18 15:34:20,502 - dotenv.main - WARNING - Python-dotenv could not parse statement starting at line 15
2025-01-18 15:34:20,502 - dotenv.main - WARNING - Python-dotenv could not parse statement starting at line 17
2025-01-18 15:34:20,526 - dotenv.main - WARNING - Python-dotenv could not parse statement starting at line 13
2025-01-18 15:34:20,526 - dotenv.main - WARNING - Python-dotenv could not parse statement starting at line 14
2025-01-18 15:34:20,526 - dotenv.main - WARNING - Python-dotenv could not parse statement starting at line 15
2025-01-18 15:34:20,526 - dotenv.main - WARNING - Python-dotenv could not parse statement starting at line 17
2025-01-18 15:38:27,203 - dotenv.main - WARNING - Python-dotenv could not parse statement starting at line 13
2025-01-18 15:38:27,203 - dotenv.main - WARNING - Python-dotenv could not parse statement starting at line 14
2025-01-18 15:38:27,203 - dotenv.main - WARNING - Python-dotenv could not parse statement starting at line 15
2025-01-18 15:38:27,203 - dotenv.main - WARNING - Python-dotenv could not parse statement starting at line 17
2025-01-18 15:38:27,220 - dotenv.main - WARNING - Python-dotenv could not parse statement starting at line 13
2025-01-18 15:38:27,220 - dotenv.main - WARNING - Python-dotenv could not parse statement starting at line 14
2025-01-18 15:38:27,220 - dotenv.main - WARNING - Python-dotenv could not parse statement starting at line 15
2025-01-18 15:38:27,220 - dotenv.main - WARNING - Python-dotenv could not parse statement starting at line 17
2025-01-18 15:38:28,864 - dotenv.main - WARNING - Python-dotenv could not parse statement starting at line 13
2025-01-18 15:38:28,865 - dotenv.main - WARNING - Python-dotenv could not parse statement starting at line 14
2025-01-18 15:38:28,865 - dotenv.main - WARNING - Python-dotenv could not parse statement starting at line 15
2025-01-18 15:38:28,865 - dotenv.main - WARNING - Python-dotenv could not parse statement starting at line 17
2025-01-18 15:38:28,888 - dotenv.main - WARNING - Python-dotenv could not parse statement starting at line 13
2025-01-18 15:38:28,888 - dotenv.main - WARNING - Python-dotenv could not parse statement starting at line 14
2025-01-18 15:38:28,888 - dotenv.main - WARNING - Python-dotenv could not parse statement starting at line 15
2025-01-18 15:38:28,888 - dotenv.main - WARNING - Python-dotenv could not parse statement starting at line 17
2025-01-18 15:39:18,754 - passlib.handlers.bcrypt - WARNING - (trapped) error reading bcrypt version
Traceback (most recent call last):
  File "C:\mohit\tute_fastapi\envcreate\Lib\site-packages\passlib\handlers\bcrypt.py", line 620, in _load_backend_mixin
    version = _bcrypt.__about__.__version__
              ^^^^^^^^^^^^^^^^^
AttributeError: module 'bcrypt' has no attribute '__about__'
2025-01-18 15:48:29,959 - dotenv.main - WARNING - Python-dotenv could not parse statement starting at line 13
2025-01-18 15:48:29,959 - dotenv.main - WARNING - Python-dotenv could not parse statement starting at line 14
2025-01-18 15:48:29,959 - dotenv.main - WARNING - Python-dotenv could not parse statement starting at line 15
2025-01-18 15:48:29,959 - dotenv.main - WARNING - Python-dotenv could not parse statement starting at line 17
2025-01-18 15:48:29,975 - dotenv.main - WARNING - Python-dotenv could not parse statement starting at line 13
2025-01-18 15:48:29,975 - dotenv.main - WARNING - Python-dotenv could not parse statement starting at line 14
2025-01-18 15:48:29,975 - dotenv.main - WARNING - Python-dotenv could not parse statement starting at line 15
2025-01-18 15:48:29,975 - dotenv.main - WARNING - Python-dotenv could not parse statement starting at line 17
2025-01-18 15:48:50,575 - dotenv.main - WARNING - Python-dotenv could not parse statement starting at line 13
2025-01-18 15:48:50,575 - dotenv.main - WARNING - Python-dotenv could not parse statement starting at line 14
2025-01-18 15:48:50,575 - dotenv.main - WARNING - Python-dotenv could not parse statement starting at line 15
2025-01-18 15:48:50,575 - dotenv.main - WARNING - Python-dotenv could not parse statement starting at line 17
2025-01-18 15:48:50,591 - dotenv.main - WARNING - Python-dotenv could not parse statement starting at line 13
2025-01-18 15:48:50,591 - dotenv.main - WARNING - Python-dotenv could not parse statement starting at line 14
2025-01-18 15:48:50,591 - dotenv.main - WARNING - Python-dotenv could not parse statement starting at line 15
2025-01-18 15:48:50,591 - dotenv.main - WARNING - Python-dotenv could not parse statement starting at line 17
2025-01-18 15:53:45,479 - dotenv.main - WARNING - Python-dotenv could not parse statement starting at line 13
2025-01-18 15:53:45,479 - dotenv.main - WARNING - Python-dotenv could not parse statement starting at line 14
2025-01-18 15:53:45,479 - dotenv.main - WARNING - Python-dotenv could not parse statement starting at line 15
2025-01-18 15:53:45,479 - dotenv.main - WARNING - Python-dotenv could not parse statement starting at line 17
2025-01-18 15:53:45,499 - dotenv.main - WARNING - Python-dotenv could not parse statement starting at line 13
2025-01-18 15:53:45,499 - dotenv.main - WARNING - Python-dotenv could not parse statement starting at line 14
2025-01-18 15:53:45,499 - dotenv.main - WARNING - Python-dotenv could not parse statement starting at line 15
2025-01-18 15:53:45,499 - dotenv.main - WARNING - Python-dotenv could not parse statement starting at line 17
2025-01-18 15:56:24,177 - dotenv.main - WARNING - Python-dotenv could not parse statement starting at line 13
2025-01-18 15:56:24,178 - dotenv.main - WARNING - Python-dotenv could not parse statement starting at line 14
2025-01-18 15:56:24,178 - dotenv.main - WARNING - Python-dotenv could not parse statement starting at line 15
2025-01-18 15:56:24,179 - dotenv.main - WARNING - Python-dotenv could not parse statement starting at line 17
2025-01-18 15:56:24,195 - dotenv.main - WARNING - Python-dotenv could not parse statement starting at line 13
2025-01-18 15:56:24,195 - dotenv.main - WARNING - Python-dotenv could not parse statement starting at line 14
2025-01-18 15:56:24,195 - dotenv.main - WARNING - Python-dotenv could not parse statement starting at line 15
2025-01-18 15:56:24,195 - dotenv.main - WARNING - Python-dotenv could not parse statement starting at line 17
2025-01-18 15:56:25,594 - dotenv.main - WARNING - Python-dotenv could not parse statement starting at line 13
2025-01-18 15:56:25,594 - dotenv.main - WARNING - Python-dotenv could not parse statement starting at line 14
2025-01-18 15:56:25,594 - dotenv.main - WARNING - Python-dotenv could not parse statement starting at line 15
2025-01-18 15:56:25,594 - dotenv.main - WARNING - Python-dotenv could not parse statement starting at line 17
2025-01-18 15:56:25,624 - dotenv.main - WARNING - Python-dotenv could not parse statement starting at line 13
2025-01-18 15:56:25,624 - dotenv.main - WARNING - Python-dotenv could not parse statement starting at line 14
2025-01-18 15:56:25,624 - dotenv.main - WARNING - Python-dotenv could not parse statement starting at line 15
2025-01-18 15:56:25,624 - dotenv.main - WARNING - Python-dotenv could not parse statement starting at line 17
2025-01-18 15:59:09,746 - dotenv.main - WARNING - Python-dotenv could not parse statement starting at line 13
2025-01-18 15:59:09,746 - dotenv.main - WARNING - Python-dotenv could not parse statement starting at line 14
2025-01-18 15:59:09,746 - dotenv.main - WARNING - Python-dotenv could not parse statement starting at line 15
2025-01-18 15:59:09,746 - dotenv.main - WARNING - Python-dotenv could not parse statement starting at line 17
2025-01-18 15:59:09,764 - dotenv.main - WARNING - Python-dotenv could not parse statement starting at line 13
2025-01-18 15:59:09,764 - dotenv.main - WARNING - Python-dotenv could not parse statement starting at line 14
2025-01-18 15:59:09,764 - dotenv.main - WARNING - Python-dotenv could not parse statement starting at line 15
2025-01-18 15:59:09,764 - dotenv.main - WARNING - Python-dotenv could not parse statement starting at line 17
2025-01-18 15:59:11,269 - dotenv.main - WARNING - Python-dotenv could not parse statement starting at line 13
2025-01-18 15:59:11,270 - dotenv.main - WARNING - Python-dotenv could not parse statement starting at line 14
2025-01-18 15:59:11,270 - dotenv.main - WARNING - Python-dotenv could not parse statement starting at line 15
2025-01-18 15:59:11,270 - dotenv.main - WARNING - Python-dotenv could not parse statement starting at line 17
2025-01-18 15:59:11,282 - dotenv.main - WARNING - Python-dotenv could not parse statement starting at line 13
2025-01-18 15:59:11,282 - dotenv.main - WARNING - Python-dotenv could not parse statement starting at line 14
2025-01-18 15:59:11,282 - dotenv.main - WARNING - Python-dotenv could not parse statement starting at line 15
2025-01-18 15:59:11,282 - dotenv.main - WARNING - Python-dotenv could not parse statement starting at line 17
2025-01-18 15:59:21,513 - passlib.handlers.bcrypt - WARNING - (trapped) error reading bcrypt version
Traceback (most recent call last):
  File "C:\mohit\tute_fastapi\envcreate\Lib\site-packages\passlib\handlers\bcrypt.py", line 620, in _load_backend_mixin
    version = _bcrypt.__about__.__version__
              ^^^^^^^^^^^^^^^^^
AttributeError: module 'bcrypt' has no attribute '__about__'
2025-01-18 16:00:06,860 - dotenv.main - WARNING - Python-dotenv could not parse statement starting at line 13
2025-01-18 16:00:06,860 - dotenv.main - WARNING - Python-dotenv could not parse statement starting at line 14
2025-01-18 16:00:06,860 - dotenv.main - WARNING - Python-dotenv could not parse statement starting at line 15
2025-01-18 16:00:06,860 - dotenv.main - WARNING - Python-dotenv could not parse statement starting at line 17
2025-01-18 16:00:06,876 - dotenv.main - WARNING - Python-dotenv could not parse statement starting at line 13
2025-01-18 16:00:06,876 - dotenv.main - WARNING - Python-dotenv could not parse statement starting at line 14
2025-01-18 16:00:06,876 - dotenv.main - WARNING - Python-dotenv could not parse statement starting at line 15
2025-01-18 16:00:06,876 - dotenv.main - WARNING - Python-dotenv could not parse statement starting at line 17
2025-01-18 16:00:09,290 - passlib.handlers.bcrypt - WARNING - (trapped) error reading bcrypt version
Traceback (most recent call last):
  File "C:\mohit\tute_fastapi\envcreate\Lib\site-packages\passlib\handlers\bcrypt.py", line 620, in _load_backend_mixin
    version = _bcrypt.__about__.__version__
              ^^^^^^^^^^^^^^^^^
AttributeError: module 'bcrypt' has no attribute '__about__'
2025-01-18 16:00:38,777 - dotenv.main - WARNING - Python-dotenv could not parse statement starting at line 13
2025-01-18 16:00:38,777 - dotenv.main - WARNING - Python-dotenv could not parse statement starting at line 14
2025-01-18 16:00:38,777 - dotenv.main - WARNING - Python-dotenv could not parse statement starting at line 15
2025-01-18 16:00:38,777 - dotenv.main - WARNING - Python-dotenv could not parse statement starting at line 17
2025-01-18 16:00:38,792 - dotenv.main - WARNING - Python-dotenv could not parse statement starting at line 13
2025-01-18 16:00:38,792 - dotenv.main - WARNING - Python-dotenv could not parse statement starting at line 14
2025-01-18 16:00:38,792 - dotenv.main - WARNING - Python-dotenv could not parse statement starting at line 15
2025-01-18 16:00:38,792 - dotenv.main - WARNING - Python-dotenv could not parse statement starting at line 17
2025-01-18 16:00:42,280 - passlib.handlers.bcrypt - WARNING - (trapped) error reading bcrypt version
Traceback (most recent call last):
  File "C:\mohit\tute_fastapi\envcreate\Lib\site-packages\passlib\handlers\bcrypt.py", line 620, in _load_backend_mixin
    version = _bcrypt.__about__.__version__
              ^^^^^^^^^^^^^^^^^
AttributeError: module 'bcrypt' has no attribute '__about__'
2025-01-18 16:01:04,810 - dotenv.main - WARNING - Python-dotenv could not parse statement starting at line 13
2025-01-18 16:01:04,810 - dotenv.main - WARNING - Python-dotenv could not parse statement starting at line 14
2025-01-18 16:01:04,810 - dotenv.main - WARNING - Python-dotenv could not parse statement starting at line 15
2025-01-18 16:01:04,810 - dotenv.main - WARNING - Python-dotenv could not parse statement starting at line 17
2025-01-18 16:01:04,838 - dotenv.main - WARNING - Python-dotenv could not parse statement starting at line 13
2025-01-18 16:01:04,838 - dotenv.main - WARNING - Python-dotenv could not parse statement starting at line 14
2025-01-18 16:01:04,838 - dotenv.main - WARNING - Python-dotenv could not parse statement starting at line 15
2025-01-18 16:01:04,838 - dotenv.main - WARNING - Python-dotenv could not parse statement starting at line 17
2025-01-18 16:03:37,378 - dotenv.main - WARNING - Python-dotenv could not parse statement starting at line 13
2025-01-18 16:03:37,378 - dotenv.main - WARNING - Python-dotenv could not parse statement starting at line 14
2025-01-18 16:03:37,378 - dotenv.main - WARNING - Python-dotenv could not parse statement starting at line 15
2025-01-18 16:03:37,378 - dotenv.main - WARNING - Python-dotenv could not parse statement starting at line 17
2025-01-18 16:03:37,410 - dotenv.main - WARNING - Python-dotenv could not parse statement starting at line 13
2025-01-18 16:03:37,410 - dotenv.main - WARNING - Python-dotenv could not parse statement starting at line 14
2025-01-18 16:03:37,410 - dotenv.main - WARNING - Python-dotenv could not parse statement starting at line 15
2025-01-18 16:03:37,410 - dotenv.main - WARNING - Python-dotenv could not parse statement starting at line 17
2025-01-18 16:05:08,439 - dotenv.main - WARNING - Python-dotenv could not parse statement starting at line 13
2025-01-18 16:05:08,439 - dotenv.main - WARNING - Python-dotenv could not parse statement starting at line 14
2025-01-18 16:05:08,439 - dotenv.main - WARNING - Python-dotenv could not parse statement starting at line 15
2025-01-18 16:05:08,439 - dotenv.main - WARNING - Python-dotenv could not parse statement starting at line 17
2025-01-18 16:05:08,470 - dotenv.main - WARNING - Python-dotenv could not parse statement starting at line 13
2025-01-18 16:05:08,470 - dotenv.main - WARNING - Python-dotenv could not parse statement starting at line 14
2025-01-18 16:05:08,470 - dotenv.main - WARNING - Python-dotenv could not parse statement starting at line 15
2025-01-18 16:05:08,470 - dotenv.main - WARNING - Python-dotenv could not parse statement starting at line 17
2025-01-18 16:05:24,357 - passlib.handlers.bcrypt - WARNING - (trapped) error reading bcrypt version
Traceback (most recent call last):
  File "C:\mohit\tute_fastapi\envcreate\Lib\site-packages\passlib\handlers\bcrypt.py", line 620, in _load_backend_mixin
    version = _bcrypt.__about__.__version__
              ^^^^^^^^^^^^^^^^^
AttributeError: module 'bcrypt' has no attribute '__about__'
2025-01-18 16:05:54,334 - dotenv.main - WARNING - Python-dotenv could not parse statement starting at line 13
2025-01-18 16:05:54,334 - dotenv.main - WARNING - Python-dotenv could not parse statement starting at line 14
2025-01-18 16:05:54,334 - dotenv.main - WARNING - Python-dotenv could not parse statement starting at line 15
2025-01-18 16:05:54,334 - dotenv.main - WARNING - Python-dotenv could not parse statement starting at line 17
2025-01-18 16:05:54,391 - dotenv.main - WARNING - Python-dotenv could not parse statement starting at line 13
2025-01-18 16:05:54,391 - dotenv.main - WARNING - Python-dotenv could not parse statement starting at line 14
2025-01-18 16:05:54,391 - dotenv.main - WARNING - Python-dotenv could not parse statement starting at line 15
2025-01-18 16:05:54,392 - dotenv.main - WARNING - Python-dotenv could not parse statement starting at line 17
2025-01-18 16:05:56,759 - passlib.handlers.bcrypt - WARNING - (trapped) error reading bcrypt version
Traceback (most recent call last):
  File "C:\mohit\tute_fastapi\envcreate\Lib\site-packages\passlib\handlers\bcrypt.py", line 620, in _load_backend_mixin
    version = _bcrypt.__about__.__version__
              ^^^^^^^^^^^^^^^^^
AttributeError: module 'bcrypt' has no attribute '__about__'
2025-01-18 16:07:59,851 - dotenv.main - WARNING - Python-dotenv could not parse statement starting at line 13
2025-01-18 16:07:59,851 - dotenv.main - WARNING - Python-dotenv could not parse statement starting at line 14
2025-01-18 16:07:59,851 - dotenv.main - WARNING - Python-dotenv could not parse statement starting at line 15
2025-01-18 16:07:59,851 - dotenv.main - WARNING - Python-dotenv could not parse statement starting at line 17
2025-01-18 16:07:59,883 - dotenv.main - WARNING - Python-dotenv could not parse statement starting at line 13
2025-01-18 16:07:59,883 - dotenv.main - WARNING - Python-dotenv could not parse statement starting at line 14
2025-01-18 16:07:59,883 - dotenv.main - WARNING - Python-dotenv could not parse statement starting at line 15
2025-01-18 16:07:59,883 - dotenv.main - WARNING - Python-dotenv could not parse statement starting at line 17
2025-01-18 16:08:13,527 - passlib.handlers.bcrypt - WARNING - (trapped) error reading bcrypt version
Traceback (most recent call last):
  File "C:\mohit\tute_fastapi\envcreate\Lib\site-packages\passlib\handlers\bcrypt.py", line 620, in _load_backend_mixin
    version = _bcrypt.__about__.__version__
              ^^^^^^^^^^^^^^^^^
AttributeError: module 'bcrypt' has no attribute '__about__'
2025-01-18 16:08:52,990 - dotenv.main - WARNING - Python-dotenv could not parse statement starting at line 13
2025-01-18 16:08:52,990 - dotenv.main - WARNING - Python-dotenv could not parse statement starting at line 14
2025-01-18 16:08:52,990 - dotenv.main - WARNING - Python-dotenv could not parse statement starting at line 15
2025-01-18 16:08:53,006 - dotenv.main - WARNING - Python-dotenv could not parse statement starting at line 17
2025-01-18 16:08:53,022 - dotenv.main - WARNING - Python-dotenv could not parse statement starting at line 13
2025-01-18 16:08:53,022 - dotenv.main - WARNING - Python-dotenv could not parse statement starting at line 14
2025-01-18 16:08:53,022 - dotenv.main - WARNING - Python-dotenv could not parse statement starting at line 15
2025-01-18 16:08:53,022 - dotenv.main - WARNING - Python-dotenv could not parse statement starting at line 17
2025-01-18 16:08:54,607 - dotenv.main - WARNING - Python-dotenv could not parse statement starting at line 13
2025-01-18 16:08:54,607 - dotenv.main - WARNING - Python-dotenv could not parse statement starting at line 14
2025-01-18 16:08:54,607 - dotenv.main - WARNING - Python-dotenv could not parse statement starting at line 15
2025-01-18 16:08:54,607 - dotenv.main - WARNING - Python-dotenv could not parse statement starting at line 17
2025-01-18 16:08:54,638 - dotenv.main - WARNING - Python-dotenv could not parse statement starting at line 13
2025-01-18 16:08:54,638 - dotenv.main - WARNING - Python-dotenv could not parse statement starting at line 14
2025-01-18 16:08:54,638 - dotenv.main - WARNING - Python-dotenv could not parse statement starting at line 15
2025-01-18 16:08:54,638 - dotenv.main - WARNING - Python-dotenv could not parse statement starting at line 17
2025-01-18 16:09:11,053 - passlib.handlers.bcrypt - WARNING - (trapped) error reading bcrypt version
Traceback (most recent call last):
  File "C:\mohit\tute_fastapi\envcreate\Lib\site-packages\passlib\handlers\bcrypt.py", line 620, in _load_backend_mixin
    version = _bcrypt.__about__.__version__
              ^^^^^^^^^^^^^^^^^
AttributeError: module 'bcrypt' has no attribute '__about__'
2025-01-18 16:16:09,835 - dotenv.main - WARNING - Python-dotenv could not parse statement starting at line 13
2025-01-18 16:16:09,835 - dotenv.main - WARNING - Python-dotenv could not parse statement starting at line 14
2025-01-18 16:16:09,835 - dotenv.main - WARNING - Python-dotenv could not parse statement starting at line 15
2025-01-18 16:16:09,835 - dotenv.main - WARNING - Python-dotenv could not parse statement starting at line 17
2025-01-18 16:16:19,958 - dotenv.main - WARNING - Python-dotenv could not parse statement starting at line 13
2025-01-18 16:16:19,958 - dotenv.main - WARNING - Python-dotenv could not parse statement starting at line 14
2025-01-18 16:16:19,958 - dotenv.main - WARNING - Python-dotenv could not parse statement starting at line 15
2025-01-18 16:16:19,959 - dotenv.main - WARNING - Python-dotenv could not parse statement starting at line 17
2025-01-18 16:16:19,988 - dotenv.main - WARNING - Python-dotenv could not parse statement starting at line 13
2025-01-18 16:16:19,989 - dotenv.main - WARNING - Python-dotenv could not parse statement starting at line 14
2025-01-18 16:16:19,989 - dotenv.main - WARNING - Python-dotenv could not parse statement starting at line 15
2025-01-18 16:16:19,989 - dotenv.main - WARNING - Python-dotenv could not parse statement starting at line 17
2025-01-18 16:29:03,797 - dotenv.main - WARNING - Python-dotenv could not parse statement starting at line 13
2025-01-18 16:29:03,797 - dotenv.main - WARNING - Python-dotenv could not parse statement starting at line 14
2025-01-18 16:29:03,797 - dotenv.main - WARNING - Python-dotenv could not parse statement starting at line 15
2025-01-18 16:29:03,797 - dotenv.main - WARNING - Python-dotenv could not parse statement starting at line 17
2025-01-18 16:29:03,829 - dotenv.main - WARNING - Python-dotenv could not parse statement starting at line 13
2025-01-18 16:29:03,829 - dotenv.main - WARNING - Python-dotenv could not parse statement starting at line 14
2025-01-18 16:29:03,829 - dotenv.main - WARNING - Python-dotenv could not parse statement starting at line 15
2025-01-18 16:29:03,829 - dotenv.main - WARNING - Python-dotenv could not parse statement starting at line 17
2025-01-18 16:29:05,243 - dotenv.main - WARNING - Python-dotenv could not parse statement starting at line 13
2025-01-18 16:29:05,243 - dotenv.main - WARNING - Python-dotenv could not parse statement starting at line 14
2025-01-18 16:29:05,243 - dotenv.main - WARNING - Python-dotenv could not parse statement starting at line 15
2025-01-18 16:29:05,243 - dotenv.main - WARNING - Python-dotenv could not parse statement starting at line 17
2025-01-18 16:29:05,276 - dotenv.main - WARNING - Python-dotenv could not parse statement starting at line 13
2025-01-18 16:29:05,276 - dotenv.main - WARNING - Python-dotenv could not parse statement starting at line 14
2025-01-18 16:29:05,276 - dotenv.main - WARNING - Python-dotenv could not parse statement starting at line 15
2025-01-18 16:29:05,276 - dotenv.main - WARNING - Python-dotenv could not parse statement starting at line 17
2025-01-18 16:29:25,494 - passlib.handlers.bcrypt - WARNING - (trapped) error reading bcrypt version
Traceback (most recent call last):
  File "C:\mohit\tute_fastapi\envcreate\Lib\site-packages\passlib\handlers\bcrypt.py", line 620, in _load_backend_mixin
    version = _bcrypt.__about__.__version__
              ^^^^^^^^^^^^^^^^^
AttributeError: module 'bcrypt' has no attribute '__about__'
2025-01-18 16:34:07,843 - dotenv.main - WARNING - Python-dotenv could not parse statement starting at line 13
2025-01-18 16:34:07,844 - dotenv.main - WARNING - Python-dotenv could not parse statement starting at line 14
2025-01-18 16:34:07,846 - dotenv.main - WARNING - Python-dotenv could not parse statement starting at line 15
2025-01-18 16:34:07,846 - dotenv.main - WARNING - Python-dotenv could not parse statement starting at line 17
2025-01-18 16:34:07,883 - dotenv.main - WARNING - Python-dotenv could not parse statement starting at line 13
2025-01-18 16:34:07,883 - dotenv.main - WARNING - Python-dotenv could not parse statement starting at line 14
2025-01-18 16:34:07,884 - dotenv.main - WARNING - Python-dotenv could not parse statement starting at line 15
2025-01-18 16:34:07,884 - dotenv.main - WARNING - Python-dotenv could not parse statement starting at line 17
2025-01-18 16:35:38,404 - dotenv.main - WARNING - Python-dotenv could not parse statement starting at line 13
2025-01-18 16:35:38,404 - dotenv.main - WARNING - Python-dotenv could not parse statement starting at line 14
2025-01-18 16:35:38,404 - dotenv.main - WARNING - Python-dotenv could not parse statement starting at line 15
2025-01-18 16:35:38,404 - dotenv.main - WARNING - Python-dotenv could not parse statement starting at line 17
2025-01-18 16:35:38,435 - dotenv.main - WARNING - Python-dotenv could not parse statement starting at line 13
2025-01-18 16:35:38,435 - dotenv.main - WARNING - Python-dotenv could not parse statement starting at line 14
2025-01-18 16:35:38,435 - dotenv.main - WARNING - Python-dotenv could not parse statement starting at line 15
2025-01-18 16:35:38,435 - dotenv.main - WARNING - Python-dotenv could not parse statement starting at line 17
2025-01-18 16:36:03,809 - dotenv.main - WARNING - Python-dotenv could not parse statement starting at line 13
2025-01-18 16:36:03,809 - dotenv.main - WARNING - Python-dotenv could not parse statement starting at line 14
2025-01-18 16:36:03,811 - dotenv.main - WARNING - Python-dotenv could not parse statement starting at line 15
2025-01-18 16:36:03,811 - dotenv.main - WARNING - Python-dotenv could not parse statement starting at line 17
2025-01-18 16:36:03,829 - dotenv.main - WARNING - Python-dotenv could not parse statement starting at line 13
2025-01-18 16:36:03,829 - dotenv.main - WARNING - Python-dotenv could not parse statement starting at line 14
2025-01-18 16:36:03,829 - dotenv.main - WARNING - Python-dotenv could not parse statement starting at line 15
2025-01-18 16:36:03,829 - dotenv.main - WARNING - Python-dotenv could not parse statement starting at line 17
2025-01-18 16:38:12,662 - dotenv.main - WARNING - Python-dotenv could not parse statement starting at line 13
2025-01-18 16:38:12,662 - dotenv.main - WARNING - Python-dotenv could not parse statement starting at line 14
2025-01-18 16:38:12,662 - dotenv.main - WARNING - Python-dotenv could not parse statement starting at line 15
2025-01-18 16:38:12,662 - dotenv.main - WARNING - Python-dotenv could not parse statement starting at line 17
2025-01-18 16:38:12,697 - dotenv.main - WARNING - Python-dotenv could not parse statement starting at line 13
2025-01-18 16:38:12,697 - dotenv.main - WARNING - Python-dotenv could not parse statement starting at line 14
2025-01-18 16:38:12,697 - dotenv.main - WARNING - Python-dotenv could not parse statement starting at line 15
2025-01-18 16:38:12,697 - dotenv.main - WARNING - Python-dotenv could not parse statement starting at line 17
2025-01-18 16:38:23,394 - passlib.handlers.bcrypt - WARNING - (trapped) error reading bcrypt version
Traceback (most recent call last):
  File "C:\mohit\tute_fastapi\envcreate\Lib\site-packages\passlib\handlers\bcrypt.py", line 620, in _load_backend_mixin
    version = _bcrypt.__about__.__version__
              ^^^^^^^^^^^^^^^^^
AttributeError: module 'bcrypt' has no attribute '__about__'
2025-01-18 17:10:39,717 - dotenv.main - WARNING - Python-dotenv could not parse statement starting at line 13
2025-01-18 17:10:39,717 - dotenv.main - WARNING - Python-dotenv could not parse statement starting at line 14
2025-01-18 17:10:39,717 - dotenv.main - WARNING - Python-dotenv could not parse statement starting at line 15
2025-01-18 17:10:39,717 - dotenv.main - WARNING - Python-dotenv could not parse statement starting at line 17
2025-01-18 17:10:39,740 - dotenv.main - WARNING - Python-dotenv could not parse statement starting at line 13
2025-01-18 17:10:39,740 - dotenv.main - WARNING - Python-dotenv could not parse statement starting at line 14
2025-01-18 17:10:39,740 - dotenv.main - WARNING - Python-dotenv could not parse statement starting at line 15
2025-01-18 17:10:39,740 - dotenv.main - WARNING - Python-dotenv could not parse statement starting at line 17
2025-01-18 17:10:39,841 - passlib.handlers.bcrypt - WARNING - (trapped) error reading bcrypt version
Traceback (most recent call last):
  File "C:\mohit\tute_fastapi\envcreate\Lib\site-packages\passlib\handlers\bcrypt.py", line 620, in _load_backend_mixin
    version = _bcrypt.__about__.__version__
              ^^^^^^^^^^^^^^^^^
AttributeError: module 'bcrypt' has no attribute '__about__'
2025-01-18 17:12:03,608 - dotenv.main - WARNING - Python-dotenv could not parse statement starting at line 13
2025-01-18 17:12:03,608 - dotenv.main - WARNING - Python-dotenv could not parse statement starting at line 14
2025-01-18 17:12:03,608 - dotenv.main - WARNING - Python-dotenv could not parse statement starting at line 15
2025-01-18 17:12:03,608 - dotenv.main - WARNING - Python-dotenv could not parse statement starting at line 17
2025-01-18 17:12:03,640 - dotenv.main - WARNING - Python-dotenv could not parse statement starting at line 13
2025-01-18 17:12:03,640 - dotenv.main - WARNING - Python-dotenv could not parse statement starting at line 14
2025-01-18 17:12:03,640 - dotenv.main - WARNING - Python-dotenv could not parse statement starting at line 15
2025-01-18 17:12:03,640 - dotenv.main - WARNING - Python-dotenv could not parse statement starting at line 17
2025-01-18 17:12:16,672 - passlib.handlers.bcrypt - WARNING - (trapped) error reading bcrypt version
Traceback (most recent call last):
  File "C:\mohit\tute_fastapi\envcreate\Lib\site-packages\passlib\handlers\bcrypt.py", line 620, in _load_backend_mixin
    version = _bcrypt.__about__.__version__
              ^^^^^^^^^^^^^^^^^
AttributeError: module 'bcrypt' has no attribute '__about__'
2025-01-18 17:22:04,808 - dotenv.main - WARNING - Python-dotenv could not parse statement starting at line 13
2025-01-18 17:22:04,808 - dotenv.main - WARNING - Python-dotenv could not parse statement starting at line 14
2025-01-18 17:22:04,809 - dotenv.main - WARNING - Python-dotenv could not parse statement starting at line 15
2025-01-18 17:22:04,809 - dotenv.main - WARNING - Python-dotenv could not parse statement starting at line 17
2025-01-18 17:22:04,837 - dotenv.main - WARNING - Python-dotenv could not parse statement starting at line 13
2025-01-18 17:22:04,838 - dotenv.main - WARNING - Python-dotenv could not parse statement starting at line 14
2025-01-18 17:22:04,838 - dotenv.main - WARNING - Python-dotenv could not parse statement starting at line 15
2025-01-18 17:22:04,838 - dotenv.main - WARNING - Python-dotenv could not parse statement starting at line 17
2025-01-18 17:22:35,878 - dotenv.main - WARNING - Python-dotenv could not parse statement starting at line 13
2025-01-18 17:22:35,878 - dotenv.main - WARNING - Python-dotenv could not parse statement starting at line 14
2025-01-18 17:22:35,878 - dotenv.main - WARNING - Python-dotenv could not parse statement starting at line 15
2025-01-18 17:22:35,878 - dotenv.main - WARNING - Python-dotenv could not parse statement starting at line 17
2025-01-18 17:22:35,894 - dotenv.main - WARNING - Python-dotenv could not parse statement starting at line 13
2025-01-18 17:22:35,894 - dotenv.main - WARNING - Python-dotenv could not parse statement starting at line 14
2025-01-18 17:22:35,894 - dotenv.main - WARNING - Python-dotenv could not parse statement starting at line 15
2025-01-18 17:22:35,894 - dotenv.main - WARNING - Python-dotenv could not parse statement starting at line 17
2025-01-18 17:22:37,337 - dotenv.main - WARNING - Python-dotenv could not parse statement starting at line 13
2025-01-18 17:22:37,337 - dotenv.main - WARNING - Python-dotenv could not parse statement starting at line 14
2025-01-18 17:22:37,337 - dotenv.main - WARNING - Python-dotenv could not parse statement starting at line 15
2025-01-18 17:22:37,337 - dotenv.main - WARNING - Python-dotenv could not parse statement starting at line 17
2025-01-18 17:22:37,368 - dotenv.main - WARNING - Python-dotenv could not parse statement starting at line 13
2025-01-18 17:22:37,368 - dotenv.main - WARNING - Python-dotenv could not parse statement starting at line 14
2025-01-18 17:22:37,368 - dotenv.main - WARNING - Python-dotenv could not parse statement starting at line 15
2025-01-18 17:22:37,368 - dotenv.main - WARNING - Python-dotenv could not parse statement starting at line 17
2025-01-18 17:22:53,650 - passlib.handlers.bcrypt - WARNING - (trapped) error reading bcrypt version
Traceback (most recent call last):
  File "C:\mohit\tute_fastapi\envcreate\Lib\site-packages\passlib\handlers\bcrypt.py", line 620, in _load_backend_mixin
    version = _bcrypt.__about__.__version__
              ^^^^^^^^^^^^^^^^^
AttributeError: module 'bcrypt' has no attribute '__about__'
2025-01-18 17:23:38,923 - dotenv.main - WARNING - Python-dotenv could not parse statement starting at line 13
2025-01-18 17:23:38,923 - dotenv.main - WARNING - Python-dotenv could not parse statement starting at line 14
2025-01-18 17:23:38,923 - dotenv.main - WARNING - Python-dotenv could not parse statement starting at line 15
2025-01-18 17:23:38,923 - dotenv.main - WARNING - Python-dotenv could not parse statement starting at line 17
2025-01-18 17:23:38,954 - dotenv.main - WARNING - Python-dotenv could not parse statement starting at line 13
2025-01-18 17:23:38,954 - dotenv.main - WARNING - Python-dotenv could not parse statement starting at line 14
2025-01-18 17:23:38,954 - dotenv.main - WARNING - Python-dotenv could not parse statement starting at line 15
2025-01-18 17:23:38,954 - dotenv.main - WARNING - Python-dotenv could not parse statement starting at line 17
2025-01-18 17:23:40,749 - passlib.handlers.bcrypt - WARNING - (trapped) error reading bcrypt version
Traceback (most recent call last):
  File "C:\mohit\tute_fastapi\envcreate\Lib\site-packages\passlib\handlers\bcrypt.py", line 620, in _load_backend_mixin
    version = _bcrypt.__about__.__version__
              ^^^^^^^^^^^^^^^^^
AttributeError: module 'bcrypt' has no attribute '__about__'
2025-01-18 17:26:27,010 - dotenv.main - WARNING - Python-dotenv could not parse statement starting at line 13
2025-01-18 17:26:27,010 - dotenv.main - WARNING - Python-dotenv could not parse statement starting at line 14
2025-01-18 17:26:27,026 - dotenv.main - WARNING - Python-dotenv could not parse statement starting at line 15
2025-01-18 17:26:27,027 - dotenv.main - WARNING - Python-dotenv could not parse statement starting at line 17
2025-01-18 17:26:27,049 - dotenv.main - WARNING - Python-dotenv could not parse statement starting at line 13
2025-01-18 17:26:27,049 - dotenv.main - WARNING - Python-dotenv could not parse statement starting at line 14
2025-01-18 17:26:27,049 - dotenv.main - WARNING - Python-dotenv could not parse statement starting at line 15
2025-01-18 17:26:27,049 - dotenv.main - WARNING - Python-dotenv could not parse statement starting at line 17
2025-01-18 17:26:47,385 - passlib.handlers.bcrypt - WARNING - (trapped) error reading bcrypt version
Traceback (most recent call last):
  File "C:\mohit\tute_fastapi\envcreate\Lib\site-packages\passlib\handlers\bcrypt.py", line 620, in _load_backend_mixin
    version = _bcrypt.__about__.__version__
              ^^^^^^^^^^^^^^^^^
AttributeError: module 'bcrypt' has no attribute '__about__'
2025-01-18 17:27:35,093 - dotenv.main - WARNING - Python-dotenv could not parse statement starting at line 13
2025-01-18 17:27:35,093 - dotenv.main - WARNING - Python-dotenv could not parse statement starting at line 14
2025-01-18 17:27:35,093 - dotenv.main - WARNING - Python-dotenv could not parse statement starting at line 15
2025-01-18 17:27:35,093 - dotenv.main - WARNING - Python-dotenv could not parse statement starting at line 17
2025-01-18 17:27:35,125 - dotenv.main - WARNING - Python-dotenv could not parse statement starting at line 13
2025-01-18 17:27:35,125 - dotenv.main - WARNING - Python-dotenv could not parse statement starting at line 14
2025-01-18 17:27:35,125 - dotenv.main - WARNING - Python-dotenv could not parse statement starting at line 15
2025-01-18 17:27:35,125 - dotenv.main - WARNING - Python-dotenv could not parse statement starting at line 17
2025-01-18 17:27:50,496 - passlib.handlers.bcrypt - WARNING - (trapped) error reading bcrypt version
Traceback (most recent call last):
  File "C:\mohit\tute_fastapi\envcreate\Lib\site-packages\passlib\handlers\bcrypt.py", line 620, in _load_backend_mixin
    version = _bcrypt.__about__.__version__
              ^^^^^^^^^^^^^^^^^
AttributeError: module 'bcrypt' has no attribute '__about__'
2025-01-18 17:30:19,902 - dotenv.main - WARNING - Python-dotenv could not parse statement starting at line 13
2025-01-18 17:30:19,918 - dotenv.main - WARNING - Python-dotenv could not parse statement starting at line 14
2025-01-18 17:30:19,918 - dotenv.main - WARNING - Python-dotenv could not parse statement starting at line 15
2025-01-18 17:30:19,918 - dotenv.main - WARNING - Python-dotenv could not parse statement starting at line 17
2025-01-18 17:30:19,934 - dotenv.main - WARNING - Python-dotenv could not parse statement starting at line 13
2025-01-18 17:30:19,934 - dotenv.main - WARNING - Python-dotenv could not parse statement starting at line 14
2025-01-18 17:30:19,934 - dotenv.main - WARNING - Python-dotenv could not parse statement starting at line 15
2025-01-18 17:30:19,934 - dotenv.main - WARNING - Python-dotenv could not parse statement starting at line 17
2025-01-18 17:30:21,636 - dotenv.main - WARNING - Python-dotenv could not parse statement starting at line 13
2025-01-18 17:30:21,637 - dotenv.main - WARNING - Python-dotenv could not parse statement starting at line 14
2025-01-18 17:30:21,637 - dotenv.main - WARNING - Python-dotenv could not parse statement starting at line 15
2025-01-18 17:30:21,637 - dotenv.main - WARNING - Python-dotenv could not parse statement starting at line 17
2025-01-18 17:30:21,663 - dotenv.main - WARNING - Python-dotenv could not parse statement starting at line 13
2025-01-18 17:30:21,663 - dotenv.main - WARNING - Python-dotenv could not parse statement starting at line 14
2025-01-18 17:30:21,663 - dotenv.main - WARNING - Python-dotenv could not parse statement starting at line 15
2025-01-18 17:30:21,663 - dotenv.main - WARNING - Python-dotenv could not parse statement starting at line 17
2025-01-18 17:30:31,736 - passlib.handlers.bcrypt - WARNING - (trapped) error reading bcrypt version
Traceback (most recent call last):
  File "C:\mohit\tute_fastapi\envcreate\Lib\site-packages\passlib\handlers\bcrypt.py", line 620, in _load_backend_mixin
    version = _bcrypt.__about__.__version__
              ^^^^^^^^^^^^^^^^^
AttributeError: module 'bcrypt' has no attribute '__about__'
2025-01-18 17:34:36,717 - dotenv.main - WARNING - Python-dotenv could not parse statement starting at line 13
2025-01-18 17:34:36,717 - dotenv.main - WARNING - Python-dotenv could not parse statement starting at line 14
2025-01-18 17:34:36,717 - dotenv.main - WARNING - Python-dotenv could not parse statement starting at line 15
2025-01-18 17:34:36,717 - dotenv.main - WARNING - Python-dotenv could not parse statement starting at line 17
2025-01-18 17:34:36,733 - dotenv.main - WARNING - Python-dotenv could not parse statement starting at line 13
2025-01-18 17:34:36,733 - dotenv.main - WARNING - Python-dotenv could not parse statement starting at line 14
2025-01-18 17:34:36,733 - dotenv.main - WARNING - Python-dotenv could not parse statement starting at line 15
2025-01-18 17:34:36,733 - dotenv.main - WARNING - Python-dotenv could not parse statement starting at line 17
2025-01-18 17:34:38,153 - dotenv.main - WARNING - Python-dotenv could not parse statement starting at line 13
2025-01-18 17:34:38,153 - dotenv.main - WARNING - Python-dotenv could not parse statement starting at line 14
2025-01-18 17:34:38,153 - dotenv.main - WARNING - Python-dotenv could not parse statement starting at line 15
2025-01-18 17:34:38,153 - dotenv.main - WARNING - Python-dotenv could not parse statement starting at line 17
2025-01-18 17:34:38,184 - dotenv.main - WARNING - Python-dotenv could not parse statement starting at line 13
2025-01-18 17:34:38,184 - dotenv.main - WARNING - Python-dotenv could not parse statement starting at line 14
2025-01-18 17:34:38,184 - dotenv.main - WARNING - Python-dotenv could not parse statement starting at line 15
2025-01-18 17:34:38,184 - dotenv.main - WARNING - Python-dotenv could not parse statement starting at line 17
2025-01-18 17:35:01,965 - passlib.handlers.bcrypt - WARNING - (trapped) error reading bcrypt version
Traceback (most recent call last):
  File "C:\mohit\tute_fastapi\envcreate\Lib\site-packages\passlib\handlers\bcrypt.py", line 620, in _load_backend_mixin
    version = _bcrypt.__about__.__version__
              ^^^^^^^^^^^^^^^^^
AttributeError: module 'bcrypt' has no attribute '__about__'
2025-01-18 17:36:43,597 - dotenv.main - WARNING - Python-dotenv could not parse statement starting at line 13
2025-01-18 17:36:43,597 - dotenv.main - WARNING - Python-dotenv could not parse statement starting at line 14
2025-01-18 17:36:43,597 - dotenv.main - WARNING - Python-dotenv could not parse statement starting at line 15
2025-01-18 17:36:43,597 - dotenv.main - WARNING - Python-dotenv could not parse statement starting at line 17
2025-01-18 17:36:43,629 - dotenv.main - WARNING - Python-dotenv could not parse statement starting at line 13
2025-01-18 17:36:43,629 - dotenv.main - WARNING - Python-dotenv could not parse statement starting at line 14
2025-01-18 17:36:43,641 - dotenv.main - WARNING - Python-dotenv could not parse statement starting at line 15
2025-01-18 17:36:43,641 - dotenv.main - WARNING - Python-dotenv could not parse statement starting at line 17
2025-01-18 17:38:14,806 - dotenv.main - WARNING - Python-dotenv could not parse statement starting at line 13
2025-01-18 17:38:14,806 - dotenv.main - WARNING - Python-dotenv could not parse statement starting at line 14
2025-01-18 17:38:14,806 - dotenv.main - WARNING - Python-dotenv could not parse statement starting at line 15
2025-01-18 17:38:14,806 - dotenv.main - WARNING - Python-dotenv could not parse statement starting at line 17
2025-01-18 17:38:14,836 - dotenv.main - WARNING - Python-dotenv could not parse statement starting at line 13
2025-01-18 17:38:14,837 - dotenv.main - WARNING - Python-dotenv could not parse statement starting at line 14
2025-01-18 17:38:14,837 - dotenv.main - WARNING - Python-dotenv could not parse statement starting at line 15
2025-01-18 17:38:14,837 - dotenv.main - WARNING - Python-dotenv could not parse statement starting at line 17
2025-01-18 17:38:39,264 - dotenv.main - WARNING - Python-dotenv could not parse statement starting at line 13
2025-01-18 17:38:39,264 - dotenv.main - WARNING - Python-dotenv could not parse statement starting at line 14
2025-01-18 17:38:39,264 - dotenv.main - WARNING - Python-dotenv could not parse statement starting at line 15
2025-01-18 17:38:39,264 - dotenv.main - WARNING - Python-dotenv could not parse statement starting at line 17
2025-01-18 17:38:39,279 - dotenv.main - WARNING - Python-dotenv could not parse statement starting at line 13
2025-01-18 17:38:39,279 - dotenv.main - WARNING - Python-dotenv could not parse statement starting at line 14
2025-01-18 17:38:39,279 - dotenv.main - WARNING - Python-dotenv could not parse statement starting at line 15
2025-01-18 17:38:39,279 - dotenv.main - WARNING - Python-dotenv could not parse statement starting at line 17
2025-01-18 17:38:40,730 - dotenv.main - WARNING - Python-dotenv could not parse statement starting at line 13
2025-01-18 17:38:40,730 - dotenv.main - WARNING - Python-dotenv could not parse statement starting at line 14
2025-01-18 17:38:40,730 - dotenv.main - WARNING - Python-dotenv could not parse statement starting at line 15
2025-01-18 17:38:40,730 - dotenv.main - WARNING - Python-dotenv could not parse statement starting at line 17
2025-01-18 17:38:40,762 - dotenv.main - WARNING - Python-dotenv could not parse statement starting at line 13
2025-01-18 17:38:40,762 - dotenv.main - WARNING - Python-dotenv could not parse statement starting at line 14
2025-01-18 17:38:40,762 - dotenv.main - WARNING - Python-dotenv could not parse statement starting at line 15
2025-01-18 17:38:40,762 - dotenv.main - WARNING - Python-dotenv could not parse statement starting at line 17
2025-01-18 17:38:51,733 - passlib.handlers.bcrypt - WARNING - (trapped) error reading bcrypt version
Traceback (most recent call last):
  File "C:\mohit\tute_fastapi\envcreate\Lib\site-packages\passlib\handlers\bcrypt.py", line 620, in _load_backend_mixin
    version = _bcrypt.__about__.__version__
              ^^^^^^^^^^^^^^^^^
AttributeError: module 'bcrypt' has no attribute '__about__'
2025-01-18 17:39:12,444 - dotenv.main - WARNING - Python-dotenv could not parse statement starting at line 13
2025-01-18 17:39:12,444 - dotenv.main - WARNING - Python-dotenv could not parse statement starting at line 14
2025-01-18 17:39:12,460 - dotenv.main - WARNING - Python-dotenv could not parse statement starting at line 15
2025-01-18 17:39:12,460 - dotenv.main - WARNING - Python-dotenv could not parse statement starting at line 17
2025-01-18 17:39:12,475 - dotenv.main - WARNING - Python-dotenv could not parse statement starting at line 13
2025-01-18 17:39:12,475 - dotenv.main - WARNING - Python-dotenv could not parse statement starting at line 14
2025-01-18 17:39:12,475 - dotenv.main - WARNING - Python-dotenv could not parse statement starting at line 15
2025-01-18 17:39:12,475 - dotenv.main - WARNING - Python-dotenv could not parse statement starting at line 17
2025-01-18 17:39:14,020 - dotenv.main - WARNING - Python-dotenv could not parse statement starting at line 13
2025-01-18 17:39:14,020 - dotenv.main - WARNING - Python-dotenv could not parse statement starting at line 14
2025-01-18 17:39:14,020 - dotenv.main - WARNING - Python-dotenv could not parse statement starting at line 15
2025-01-18 17:39:14,020 - dotenv.main - WARNING - Python-dotenv could not parse statement starting at line 17
2025-01-18 17:39:14,051 - dotenv.main - WARNING - Python-dotenv could not parse statement starting at line 13
2025-01-18 17:39:14,051 - dotenv.main - WARNING - Python-dotenv could not parse statement starting at line 14
2025-01-18 17:39:14,051 - dotenv.main - WARNING - Python-dotenv could not parse statement starting at line 15
2025-01-18 17:39:14,051 - dotenv.main - WARNING - Python-dotenv could not parse statement starting at line 17
2025-01-18 17:39:17,083 - passlib.handlers.bcrypt - WARNING - (trapped) error reading bcrypt version
Traceback (most recent call last):
  File "C:\mohit\tute_fastapi\envcreate\Lib\site-packages\passlib\handlers\bcrypt.py", line 620, in _load_backend_mixin
    version = _bcrypt.__about__.__version__
              ^^^^^^^^^^^^^^^^^
AttributeError: module 'bcrypt' has no attribute '__about__'
2025-01-18 17:47:13,191 - dotenv.main - WARNING - Python-dotenv could not parse statement starting at line 13
2025-01-18 17:47:13,191 - dotenv.main - WARNING - Python-dotenv could not parse statement starting at line 14
2025-01-18 17:47:13,191 - dotenv.main - WARNING - Python-dotenv could not parse statement starting at line 15
2025-01-18 17:47:13,191 - dotenv.main - WARNING - Python-dotenv could not parse statement starting at line 17
2025-01-18 17:47:13,222 - dotenv.main - WARNING - Python-dotenv could not parse statement starting at line 13
2025-01-18 17:47:13,222 - dotenv.main - WARNING - Python-dotenv could not parse statement starting at line 14
2025-01-18 17:47:13,222 - dotenv.main - WARNING - Python-dotenv could not parse statement starting at line 15
2025-01-18 17:47:13,222 - dotenv.main - WARNING - Python-dotenv could not parse statement starting at line 17
2025-01-18 17:47:34,737 - passlib.handlers.bcrypt - WARNING - (trapped) error reading bcrypt version
Traceback (most recent call last):
  File "C:\mohit\tute_fastapi\envcreate\Lib\site-packages\passlib\handlers\bcrypt.py", line 620, in _load_backend_mixin
    version = _bcrypt.__about__.__version__
              ^^^^^^^^^^^^^^^^^
AttributeError: module 'bcrypt' has no attribute '__about__'
2025-01-18 17:57:46,541 - dotenv.main - WARNING - Python-dotenv could not parse statement starting at line 13
2025-01-18 17:57:46,541 - dotenv.main - WARNING - Python-dotenv could not parse statement starting at line 14
2025-01-18 17:57:46,541 - dotenv.main - WARNING - Python-dotenv could not parse statement starting at line 15
2025-01-18 17:57:46,541 - dotenv.main - WARNING - Python-dotenv could not parse statement starting at line 17
2025-01-18 17:57:59,673 - dotenv.main - WARNING - Python-dotenv could not parse statement starting at line 13
2025-01-18 17:57:59,673 - dotenv.main - WARNING - Python-dotenv could not parse statement starting at line 14
2025-01-18 17:57:59,673 - dotenv.main - WARNING - Python-dotenv could not parse statement starting at line 15
2025-01-18 17:57:59,673 - dotenv.main - WARNING - Python-dotenv could not parse statement starting at line 17
2025-01-18 17:57:59,706 - dotenv.main - WARNING - Python-dotenv could not parse statement starting at line 13
2025-01-18 17:57:59,706 - dotenv.main - WARNING - Python-dotenv could not parse statement starting at line 14
2025-01-18 17:57:59,706 - dotenv.main - WARNING - Python-dotenv could not parse statement starting at line 15
2025-01-18 17:57:59,706 - dotenv.main - WARNING - Python-dotenv could not parse statement starting at line 17
2025-01-18 17:58:32,043 - passlib.handlers.bcrypt - WARNING - (trapped) error reading bcrypt version
Traceback (most recent call last):
  File "C:\mohit\tute_fastapi\envcreate\Lib\site-packages\passlib\handlers\bcrypt.py", line 620, in _load_backend_mixin
    version = _bcrypt.__about__.__version__
              ^^^^^^^^^^^^^^^^^
AttributeError: module 'bcrypt' has no attribute '__about__'
2025-01-18 17:59:32,286 - dotenv.main - WARNING - Python-dotenv could not parse statement starting at line 13
2025-01-18 17:59:32,286 - dotenv.main - WARNING - Python-dotenv could not parse statement starting at line 14
2025-01-18 17:59:32,286 - dotenv.main - WARNING - Python-dotenv could not parse statement starting at line 15
2025-01-18 17:59:32,286 - dotenv.main - WARNING - Python-dotenv could not parse statement starting at line 17
2025-01-18 17:59:32,318 - dotenv.main - WARNING - Python-dotenv could not parse statement starting at line 13
2025-01-18 17:59:32,318 - dotenv.main - WARNING - Python-dotenv could not parse statement starting at line 14
2025-01-18 17:59:32,318 - dotenv.main - WARNING - Python-dotenv could not parse statement starting at line 15
2025-01-18 17:59:32,318 - dotenv.main - WARNING - Python-dotenv could not parse statement starting at line 17
2025-01-18 18:02:43,801 - dotenv.main - WARNING - Python-dotenv could not parse statement starting at line 13
2025-01-18 18:02:43,801 - dotenv.main - WARNING - Python-dotenv could not parse statement starting at line 14
2025-01-18 18:02:43,801 - dotenv.main - WARNING - Python-dotenv could not parse statement starting at line 15
2025-01-18 18:02:43,801 - dotenv.main - WARNING - Python-dotenv could not parse statement starting at line 17
2025-01-18 18:02:43,836 - dotenv.main - WARNING - Python-dotenv could not parse statement starting at line 13
2025-01-18 18:02:43,836 - dotenv.main - WARNING - Python-dotenv could not parse statement starting at line 14
2025-01-18 18:02:43,836 - dotenv.main - WARNING - Python-dotenv could not parse statement starting at line 15
2025-01-18 18:02:43,836 - dotenv.main - WARNING - Python-dotenv could not parse statement starting at line 17
2025-01-18 18:03:58,096 - dotenv.main - WARNING - Python-dotenv could not parse statement starting at line 13
2025-01-18 18:03:58,096 - dotenv.main - WARNING - Python-dotenv could not parse statement starting at line 14
2025-01-18 18:03:58,096 - dotenv.main - WARNING - Python-dotenv could not parse statement starting at line 15
2025-01-18 18:03:58,096 - dotenv.main - WARNING - Python-dotenv could not parse statement starting at line 17
2025-01-18 18:03:58,112 - dotenv.main - WARNING - Python-dotenv could not parse statement starting at line 13
2025-01-18 18:03:58,112 - dotenv.main - WARNING - Python-dotenv could not parse statement starting at line 14
2025-01-18 18:03:58,112 - dotenv.main - WARNING - Python-dotenv could not parse statement starting at line 15
2025-01-18 18:03:58,112 - dotenv.main - WARNING - Python-dotenv could not parse statement starting at line 17
2025-01-18 18:04:05,062 - dotenv.main - WARNING - Python-dotenv could not parse statement starting at line 13
2025-01-18 18:04:05,062 - dotenv.main - WARNING - Python-dotenv could not parse statement starting at line 14
2025-01-18 18:04:05,062 - dotenv.main - WARNING - Python-dotenv could not parse statement starting at line 15
2025-01-18 18:04:05,062 - dotenv.main - WARNING - Python-dotenv could not parse statement starting at line 17
2025-01-18 18:04:05,093 - dotenv.main - WARNING - Python-dotenv could not parse statement starting at line 13
2025-01-18 18:04:05,093 - dotenv.main - WARNING - Python-dotenv could not parse statement starting at line 14
2025-01-18 18:04:05,093 - dotenv.main - WARNING - Python-dotenv could not parse statement starting at line 15
2025-01-18 18:04:05,093 - dotenv.main - WARNING - Python-dotenv could not parse statement starting at line 17
2025-01-18 18:06:05,675 - dotenv.main - WARNING - Python-dotenv could not parse statement starting at line 13
2025-01-18 18:06:05,675 - dotenv.main - WARNING - Python-dotenv could not parse statement starting at line 14
2025-01-18 18:06:05,675 - dotenv.main - WARNING - Python-dotenv could not parse statement starting at line 15
2025-01-18 18:06:05,675 - dotenv.main - WARNING - Python-dotenv could not parse statement starting at line 17
2025-01-18 18:06:05,691 - dotenv.main - WARNING - Python-dotenv could not parse statement starting at line 13
2025-01-18 18:06:05,691 - dotenv.main - WARNING - Python-dotenv could not parse statement starting at line 14
2025-01-18 18:06:05,691 - dotenv.main - WARNING - Python-dotenv could not parse statement starting at line 15
2025-01-18 18:06:05,691 - dotenv.main - WARNING - Python-dotenv could not parse statement starting at line 17
2025-01-18 18:06:28,320 - dotenv.main - WARNING - Python-dotenv could not parse statement starting at line 13
2025-01-18 18:06:28,320 - dotenv.main - WARNING - Python-dotenv could not parse statement starting at line 14
2025-01-18 18:06:28,320 - dotenv.main - WARNING - Python-dotenv could not parse statement starting at line 15
2025-01-18 18:06:28,320 - dotenv.main - WARNING - Python-dotenv could not parse statement starting at line 17
2025-01-18 18:06:28,352 - dotenv.main - WARNING - Python-dotenv could not parse statement starting at line 13
2025-01-18 18:06:28,352 - dotenv.main - WARNING - Python-dotenv could not parse statement starting at line 14
2025-01-18 18:06:28,352 - dotenv.main - WARNING - Python-dotenv could not parse statement starting at line 15
2025-01-18 18:06:28,352 - dotenv.main - WARNING - Python-dotenv could not parse statement starting at line 17
2025-01-18 18:06:40,891 - passlib.handlers.bcrypt - WARNING - (trapped) error reading bcrypt version
Traceback (most recent call last):
  File "C:\mohit\tute_fastapi\envcreate\Lib\site-packages\passlib\handlers\bcrypt.py", line 620, in _load_backend_mixin
    version = _bcrypt.__about__.__version__
              ^^^^^^^^^^^^^^^^^
AttributeError: module 'bcrypt' has no attribute '__about__'
